<?xml version="1.0" encoding="UTF-8"?>
<!-- Generated by org.testng.reporters.JUnitXMLReporter -->
<testsuite ignored="3" hostname="Sudha" failures="0" tests="3" name="Sanity" time="0.065" errors="0" timestamp="2024-09-05T19:23:44 CDT">
  <testcase classname="testSuite.Module1" name="test001" time="0.015"/>
  <testcase classname="testSuite.Module2" name="test001" time="0.001"/>
  <testcase classname="testSuite.Module2" name="test003" time="0.001"/>
  <testcase classname="testSuite.Module2" name="test002" time="0.0">
    <ignored/>
  </testcase> <!-- test002 -->
  <testcase classname="testSuite.Module1" name="test002" time="0.0">
    <ignored/>
  </testcase> <!-- test002 -->
  <testcase classname="testSuite.Module1" name="test003" time="0.0">
    <ignored/>
  </testcase> <!-- test003 -->
</testsuite> <!-- Sanity -->
